<?xml version="1.0" encoding="UTF-8"?>
<!-- Generated by org.testng.reporters.JUnitReportReporter -->
<testsuite hostname="Pratik_2000" failures="0" tests="1" name="testclasses.BookTest" time="24.282" errors="0" timestamp="2023-01-02T12:23:08 IST" skipped="0">
  <testcase classname="testclasses.BookTest" name="opennewsite" time="24.282"/>
  <system-out/>
</testsuite> <!-- testclasses.BookTest -->
